2021-10-06 12:14:23.475  INFO 163156 --- [restartedMain] c.study.community.CommunityApplication   : Starting CommunityApplication using Java 1.8.0_181 on LAPTOP-I7F7ACKR with PID 163156 (D:\code\idea-workspace\community\target\classes started by 86177 in D:\code\idea-workspace\community)
2021-10-06 12:14:23.480  INFO 163156 --- [restartedMain] c.study.community.CommunityApplication   : No active profile set, falling back to default profiles: default
2021-10-06 12:14:23.553  INFO 163156 --- [restartedMain] .e.DevToolsPropertyDefaultsPostProcessor : Devtools property defaults active! Set 'spring.devtools.add-properties' to 'false' to disable
2021-10-06 12:14:23.554  INFO 163156 --- [restartedMain] .e.DevToolsPropertyDefaultsPostProcessor : For additional web related logging consider setting the 'logging.level.web' property to 'DEBUG'
2021-10-06 12:14:25.591  INFO 163156 --- [restartedMain] o.s.b.w.embedded.tomcat.TomcatWebServer  : Tomcat initialized with port(s): 8887 (http)
2021-10-06 12:14:25.606  INFO 163156 --- [restartedMain] o.apache.catalina.core.StandardService   : Starting service [Tomcat]
2021-10-06 12:14:25.606  INFO 163156 --- [restartedMain] org.apache.catalina.core.StandardEngine  : Starting Servlet engine: [Apache Tomcat/9.0.46]
2021-10-06 12:14:25.749  INFO 163156 --- [restartedMain] o.a.c.c.C.[Tomcat].[localhost].[/]       : Initializing Spring embedded WebApplicationContext
2021-10-06 12:14:25.749  INFO 163156 --- [restartedMain] w.s.c.ServletWebServerApplicationContext : Root WebApplicationContext: initialization completed in 2195 ms
2021-10-06 12:14:25.788  INFO 163156 --- [restartedMain] com.zaxxer.hikari.HikariDataSource       : HikariPool-1 - Starting...
2021-10-06 12:14:26.006  INFO 163156 --- [restartedMain] com.zaxxer.hikari.HikariDataSource       : HikariPool-1 - Start completed.
2021-10-06 12:14:26.013  INFO 163156 --- [restartedMain] o.s.b.a.h2.H2ConsoleAutoConfiguration    : H2 console available at '/h2-console'. Database available at 'jdbc:h2:~/community'
2021-10-06 12:14:27.225  INFO 163156 --- [restartedMain] o.s.b.d.a.OptionalLiveReloadServer       : LiveReload server is running on port 35729
2021-10-06 12:14:27.264  INFO 163156 --- [restartedMain] o.s.b.w.embedded.tomcat.TomcatWebServer  : Tomcat started on port(s): 8887 (http) with context path ''
2021-10-06 12:14:27.277  INFO 163156 --- [restartedMain] c.study.community.CommunityApplication   : Started CommunityApplication in 4.418 seconds (JVM running for 5.146)
2021-10-06 12:15:08.369  INFO 163156 --- [http-nio-8887-exec-1] o.a.c.c.C.[Tomcat].[localhost].[/]       : Initializing Spring DispatcherServlet 'dispatcherServlet'
2021-10-06 12:15:08.370  INFO 163156 --- [http-nio-8887-exec-1] o.s.web.servlet.DispatcherServlet        : Initializing Servlet 'dispatcherServlet'
2021-10-06 12:15:08.371  INFO 163156 --- [http-nio-8887-exec-1] o.s.web.servlet.DispatcherServlet        : Completed initialization in 1 ms
2021-10-06 12:24:11.826  INFO 163156 --- [Thread-7] com.zaxxer.hikari.HikariDataSource       : HikariPool-1 - Shutdown initiated...
2021-10-06 12:24:11.833  INFO 163156 --- [Thread-7] com.zaxxer.hikari.HikariDataSource       : HikariPool-1 - Shutdown completed.
2021-10-06 12:24:11.989  INFO 163156 --- [restartedMain] c.study.community.CommunityApplication   : Starting CommunityApplication using Java 1.8.0_181 on LAPTOP-I7F7ACKR with PID 163156 (D:\code\idea-workspace\community\target\classes started by 86177 in D:\code\idea-workspace\community)
2021-10-06 12:24:11.989  INFO 163156 --- [restartedMain] c.study.community.CommunityApplication   : No active profile set, falling back to default profiles: default
2021-10-06 12:24:12.419  INFO 163156 --- [restartedMain] o.s.b.w.embedded.tomcat.TomcatWebServer  : Tomcat initialized with port(s): 8887 (http)
2021-10-06 12:24:12.420  INFO 163156 --- [restartedMain] o.apache.catalina.core.StandardService   : Starting service [Tomcat]
2021-10-06 12:24:12.420  INFO 163156 --- [restartedMain] org.apache.catalina.core.StandardEngine  : Starting Servlet engine: [Apache Tomcat/9.0.46]
2021-10-06 12:24:12.464  INFO 163156 --- [restartedMain] o.a.c.c.C.[Tomcat].[localhost].[/]       : Initializing Spring embedded WebApplicationContext
2021-10-06 12:24:12.465  INFO 163156 --- [restartedMain] w.s.c.ServletWebServerApplicationContext : Root WebApplicationContext: initialization completed in 473 ms
2021-10-06 12:24:12.476  INFO 163156 --- [restartedMain] com.zaxxer.hikari.HikariDataSource       : HikariPool-2 - Starting...
2021-10-06 12:24:12.491  INFO 163156 --- [restartedMain] com.zaxxer.hikari.HikariDataSource       : HikariPool-2 - Start completed.
2021-10-06 12:24:12.492  INFO 163156 --- [restartedMain] o.s.b.a.h2.H2ConsoleAutoConfiguration    : H2 console available at '/h2-console'. Database available at 'jdbc:h2:~/community'
2021-10-06 12:24:12.782  INFO 163156 --- [restartedMain] o.s.b.d.a.OptionalLiveReloadServer       : LiveReload server is running on port 35729
2021-10-06 12:24:12.795  INFO 163156 --- [restartedMain] o.s.b.w.embedded.tomcat.TomcatWebServer  : Tomcat started on port(s): 8887 (http) with context path ''
2021-10-06 12:24:12.799  INFO 163156 --- [restartedMain] c.study.community.CommunityApplication   : Started CommunityApplication in 0.859 seconds (JVM running for 590.668)
2021-10-06 12:24:12.802  INFO 163156 --- [restartedMain] .ConditionEvaluationDeltaLoggingListener : Condition evaluation unchanged
